<?xml version="1.0" encoding="UTF-8"?>
<!-- Generated by org.testng.reporters.JUnitReportReporter -->
<testsuite hostname="DESKTOP-2UE3TRB" failures="0" tests="1" name="AmazonProject.Amazon.basetest" time="35.108" errors="0" timestamp="2023-05-18T20:59:04 EDT" skipped="0">
  <testcase classname="AmazonProject.Amazon.basetest" name="addProduct" time="35.108"/>
  <system-out/>
</testsuite> <!-- AmazonProject.Amazon.basetest -->
